::1 - - [10/Feb/2026 11:07:26] "GET / HTTP/1.1" 200 -
::1 - - [10/Feb/2026 11:07:26] "GET /style.css HTTP/1.1" 200 -
::1 - - [10/Feb/2026 11:07:26] "GET /lang.js HTTP/1.1" 200 -
::1 - - [10/Feb/2026 11:07:26] "GET /districts.js HTTP/1.1" 200 -
::1 - - [10/Feb/2026 11:07:26] "GET /login.html HTTP/1.1" 200 -
::1 - - [10/Feb/2026 11:07:26] code 404, message File not found
::1 - - [10/Feb/2026 11:07:26] "GET /favicon.ico HTTP/1.1" 404 -
::1 - - [10/Feb/2026 11:08:43] "GET /index.html HTTP/1.1" 200 -
::1 - - [10/Feb/2026 11:11:17] "GET /action.html HTTP/1.1" 200 -
::1 - - [10/Feb/2026 11:11:37] "GET /interventions.html HTTP/1.1" 200 -
::1 - - [10/Feb/2026 11:11:37] "GET /style.css HTTP/1.1" 304 -
::1 - - [10/Feb/2026 11:13:39] "GET /index.html HTTP/1.1" 304 -
::1 - - [10/Feb/2026 11:16:05] "GET /style.css HTTP/1.1" 200 -
::1 - - [10/Feb/2026 11:16:42] "GET /style.css HTTP/1.1" 304 -
::1 - - [10/Feb/2026 11:19:31] "GET /index.html HTTP/1.1" 200 -
::1 - - [10/Feb/2026 11:19:31] "GET /style.css HTTP/1.1" 304 -
::1 - - [10/Feb/2026 11:19:31] "GET /districts.js HTTP/1.1" 304 -
::1 - - [10/Feb/2026 11:21:08] "GET /index.html HTTP/1.1" 200 -
::1 - - [10/Feb/2026 11:21:08] "GET /style.css HTTP/1.1" 200 -
::1 - - [10/Feb/2026 11:21:50] "GET /login.html HTTP/1.1" 304 -
::1 - - [10/Feb/2026 11:21:50] "GET /style.css HTTP/1.1" 304 -
::1 - - [10/Feb/2026 11:21:50] "GET /index.html HTTP/1.1" 304 -
::1 - - [10/Feb/2026 11:23:09] "GET /index.html HTTP/1.1" 304 -
::1 - - [10/Feb/2026 11:23:09] "GET /style.css HTTP/1.1" 304 -
::1 - - [10/Feb/2026 11:39:57] "GET /index.html HTTP/1.1" 304 -
::1 - - [10/Feb/2026 11:39:57] "GET /style.css HTTP/1.1" 304 -
::1 - - [10/Feb/2026 11:39:57] "GET /districts.js HTTP/1.1" 304 -
::1 - - [10/Feb/2026 11:49:47] "GET /index.html HTTP/1.1" 200 -
::1 - - [10/Feb/2026 11:49:47] "GET /style.css HTTP/1.1" 304 -
::1 - - [10/Feb/2026 11:53:17] "GET /index.html HTTP/1.1" 304 -
::1 - - [10/Feb/2026 11:53:17] "GET /style.css HTTP/1.1" 304 -
::1 - - [10/Feb/2026 11:53:17] "GET /districts.js HTTP/1.1" 304 -
::1 - - [10/Feb/2026 11:55:59] "GET /login.html HTTP/1.1" 304 -
::1 - - [10/Feb/2026 11:55:59] "GET /index.html HTTP/1.1" 304 -
::1 - - [10/Feb/2026 11:58:39] "GET /index.html HTTP/1.1" 304 -
::1 - - [10/Feb/2026 11:58:39] "GET /style.css HTTP/1.1" 304 -
::1 - - [10/Feb/2026 12:00:53] "GET /index.html HTTP/1.1" 304 -
::1 - - [10/Feb/2026 12:02:38] "GET /index.html HTTP/1.1" 304 -
::1 - - [10/Feb/2026 12:02:38] "GET /style.css HTTP/1.1" 304 -
::1 - - [10/Feb/2026 12:13:10] "GET /index.html HTTP/1.1" 200 -
::1 - - [10/Feb/2026 12:13:10] "GET /districts.js HTTP/1.1" 304 -
::1 - - [10/Feb/2026 12:13:10] "GET /style.css HTTP/1.1" 304 -
::1 - - [10/Feb/2026 12:13:56] "GET /login.html HTTP/1.1" 304 -
::1 - - [10/Feb/2026 12:17:18] "GET /index.html HTTP/1.1" 304 -
::1 - - [10/Feb/2026 12:17:18] "GET /lang.js HTTP/1.1" 304 -
::1 - - [10/Feb/2026 12:37:02] "GET /index.html HTTP/1.1" 200 -
::1 - - [10/Feb/2026 12:37:02] "GET /style.css HTTP/1.1" 200 -
::1 - - [10/Feb/2026 12:37:02] "GET /districts.js HTTP/1.1" 304 -
::1 - - [10/Feb/2026 12:41:19] "GET /index.html HTTP/1.1" 304 -
::1 - - [10/Feb/2026 12:41:19] "GET /style.css HTTP/1.1" 304 -
::1 - - [10/Feb/2026 12:41:23] "GET /index.html HTTP/1.1" 200 -
::1 - - [10/Feb/2026 12:41:23] "GET /style.css HTTP/1.1" 200 -
::1 - - [10/Feb/2026 12:41:23] "GET /lang.js HTTP/1.1" 200 -
::1 - - [10/Feb/2026 12:41:23] "GET /districts.js HTTP/1.1" 200 -
::1 - - [10/Feb/2026 12:41:23] "GET /login.html HTTP/1.1" 200 -
::1 - - [10/Feb/2026 12:42:27] "GET /index.html HTTP/1.1" 304 -
::1 - - [10/Feb/2026 12:42:27] "GET /style.css HTTP/1.1" 304 -
::1 - - [10/Feb/2026 12:44:32] "GET /index.html HTTP/1.1" 304 -
::1 - - [10/Feb/2026 12:44:32] "GET /style.css HTTP/1.1" 304 -
::1 - - [10/Feb/2026 12:49:32] "GET /index.html HTTP/1.1" 304 -
::1 - - [10/Feb/2026 12:49:32] "GET /style.css HTTP/1.1" 304 -
::1 - - [10/Feb/2026 13:35:16] "GET /index.html HTTP/1.1" 200 -
::1 - - [10/Feb/2026 13:35:16] "GET /style.css HTTP/1.1" 304 -
::1 - - [10/Feb/2026 13:35:16] "GET /lang.js HTTP/1.1" 304 -
::1 - - [10/Feb/2026 13:35:16] "GET /districts.js HTTP/1.1" 304 -
::1 - - [10/Feb/2026 14:01:52] "GET /index.html HTTP/1.1" 200 -
::1 - - [10/Feb/2026 14:01:52] "GET /style.css HTTP/1.1" 200 -
::1 - - [10/Feb/2026 14:01:52] "GET /districts.js HTTP/1.1" 304 -
::1 - - [10/Feb/2026 14:04:59] "GET /index.html HTTP/1.1" 304 -
::1 - - [10/Feb/2026 14:04:59] "GET /style.css HTTP/1.1" 304 -
::1 - - [10/Feb/2026 14:06:47] "GET /index.html HTTP/1.1" 200 -
::1 - - [10/Feb/2026 14:06:47] "GET /lang.js HTTP/1.1" 304 -
::1 - - [10/Feb/2026 14:06:47] "GET /districts.js HTTP/1.1" 304 -
::1 - - [10/Feb/2026 14:06:47] "GET /style.css HTTP/1.1" 200 -
